2021-11-29 16:46:00,031 [Worker-0: Loading available Gradle versions] INFO  o.e.b.c.i.u.g.PublishedGradleVersions - Gradle version information cache is out-of-date. Trying to update.
2021-11-29 17:01:02,773 [Worker-4: Loading available Gradle versions] INFO  o.e.b.c.i.u.g.PublishedGradleVersions - Gradle version information cache is up-to-date. Trying to read.
2021-11-30 09:57:33,524 [Worker-6: Loading available Gradle versions] INFO  o.e.b.c.i.u.g.PublishedGradleVersions - Gradle version information cache is up-to-date. Trying to read.
2021-12-01 14:56:17,332 [Worker-5: Loading available Gradle versions] INFO  o.e.b.c.i.u.g.PublishedGradleVersions - Gradle version information cache is up-to-date. Trying to read.
2021-12-01 14:58:24,684 [Worker-12: Creating maven-archetype-quickstart] INFO  o.e.m.c.i.p.ProjectConfigurationManager - Collecting project info '/pom.xml' D:\Traning\eclipse\HelloMaven\pom.xml
2021-12-01 14:58:26,925 [Worker-12: Creating maven-archetype-quickstart] INFO  o.e.m.c.i.l.LifecycleMappingFactory - Using org.eclipse.m2e.jdt.JarLifecycleMapping lifecycle mapping for MavenProject: com.coforge.training:HelloMaven:0.0.1-SNAPSHOT @ D:\Traning\eclipse\HelloMaven\pom.xml.
2021-12-01 14:58:27,619 [Worker-12: Creating maven-archetype-quickstart] INFO  o.e.m.j.i.AbstractJavaProjectConfigurator - Adding source folder /HelloMaven/src/main/java
2021-12-01 14:58:27,626 [Worker-12: Creating maven-archetype-quickstart] INFO  o.e.m.j.i.AbstractJavaProjectConfigurator - Adding source folder /HelloMaven/src/test/java
2021-12-01 14:58:27,690 [Worker-12: Creating maven-archetype-quickstart] INFO  o.e.m.c.i.p.ProjectConfigurationManager - Imported and configured 1 project(s) in 2 sec
2021-12-01 14:58:28,090 [Worker-15: Building] INFO  o.e.m.c.i.embedder.EclipseLogger - Using 'UTF-8' encoding to copy filtered resources.
2021-12-01 14:58:28,090 [Worker-15: Building] INFO  o.e.m.c.i.embedder.EclipseLogger - skip non existing resourceDirectory D:\Traning\eclipse\HelloMaven\src\main\resources
2021-12-01 14:58:28,092 [Worker-15: Building] INFO  o.e.m.c.i.embedder.EclipseLogger - Using 'UTF-8' encoding to copy filtered resources.
2021-12-01 14:58:28,092 [Worker-15: Building] INFO  o.e.m.c.i.embedder.EclipseLogger - skip non existing resourceDirectory D:\Traning\eclipse\HelloMaven\src\test\resources
2021-12-01 14:59:52,320 [Worker-3: Building] INFO  o.e.m.c.i.embedder.EclipseLogger - Using 'UTF-8' encoding to copy filtered resources.
2021-12-01 14:59:52,321 [Worker-3: Building] INFO  o.e.m.c.i.embedder.EclipseLogger - skip non existing resourceDirectory D:\Traning\eclipse\HelloMaven\src\main\resources
2021-12-01 14:59:52,322 [Worker-3: Building] INFO  o.e.m.c.i.embedder.EclipseLogger - Using 'UTF-8' encoding to copy filtered resources.
2021-12-01 14:59:52,322 [Worker-3: Building] INFO  o.e.m.c.i.embedder.EclipseLogger - skip non existing resourceDirectory D:\Traning\eclipse\HelloMaven\src\test\resources
2021-12-01 15:00:16,360 [Worker-15: Building] INFO  o.e.m.c.i.embedder.EclipseLogger - Using 'UTF-8' encoding to copy filtered resources.
2021-12-01 15:00:16,361 [Worker-15: Building] INFO  o.e.m.c.i.embedder.EclipseLogger - skip non existing resourceDirectory D:\Traning\eclipse\HelloMaven\src\main\resources
2021-12-01 15:00:16,361 [Worker-15: Building] INFO  o.e.m.c.i.embedder.EclipseLogger - Using 'UTF-8' encoding to copy filtered resources.
2021-12-01 15:00:16,361 [Worker-15: Building] INFO  o.e.m.c.i.embedder.EclipseLogger - skip non existing resourceDirectory D:\Traning\eclipse\HelloMaven\src\test\resources
2021-12-01 15:00:48,954 [Worker-12: Building] INFO  o.e.m.c.i.embedder.EclipseLogger - Using 'UTF-8' encoding to copy filtered resources.
2021-12-01 15:00:48,954 [Worker-12: Building] INFO  o.e.m.c.i.embedder.EclipseLogger - skip non existing resourceDirectory D:\Traning\eclipse\HelloMaven\src\main\resources
2021-12-01 15:00:48,957 [Worker-12: Building] INFO  o.e.m.c.i.embedder.EclipseLogger - Using 'UTF-8' encoding to copy filtered resources.
2021-12-01 15:00:48,957 [Worker-12: Building] INFO  o.e.m.c.i.embedder.EclipseLogger - skip non existing resourceDirectory D:\Traning\eclipse\HelloMaven\src\test\resources
2021-12-01 15:04:24,030 [Worker-0: Building] INFO  o.e.m.c.i.embedder.EclipseLogger - Using 'UTF-8' encoding to copy filtered resources.
2021-12-01 15:04:24,030 [Worker-0: Building] INFO  o.e.m.c.i.embedder.EclipseLogger - skip non existing resourceDirectory D:\Traning\eclipse\HelloMaven\src\main\resources
2021-12-01 15:04:24,031 [Worker-0: Building] INFO  o.e.m.c.i.embedder.EclipseLogger - Using 'UTF-8' encoding to copy filtered resources.
2021-12-01 15:04:24,031 [Worker-0: Building] INFO  o.e.m.c.i.embedder.EclipseLogger - skip non existing resourceDirectory D:\Traning\eclipse\HelloMaven\src\test\resources
2021-12-01 15:06:05,687 [Worker-3: Building] INFO  o.e.m.c.i.embedder.EclipseLogger - Using 'UTF-8' encoding to copy filtered resources.
2021-12-01 15:06:05,687 [Worker-3: Building] INFO  o.e.m.c.i.embedder.EclipseLogger - skip non existing resourceDirectory D:\Traning\eclipse\HelloMaven\src\main\resources
2021-12-01 15:06:05,688 [Worker-3: Building] INFO  o.e.m.c.i.embedder.EclipseLogger - Using 'UTF-8' encoding to copy filtered resources.
2021-12-01 15:06:05,688 [Worker-3: Building] INFO  o.e.m.c.i.embedder.EclipseLogger - skip non existing resourceDirectory D:\Traning\eclipse\HelloMaven\src\test\resources
2021-12-01 15:09:10,509 [Worker-3: Building] INFO  o.e.m.c.i.embedder.EclipseLogger - Using 'UTF-8' encoding to copy filtered resources.
2021-12-01 15:09:10,509 [Worker-3: Building] INFO  o.e.m.c.i.embedder.EclipseLogger - skip non existing resourceDirectory D:\Traning\eclipse\HelloMaven\src\main\resources
2021-12-01 15:09:10,510 [Worker-3: Building] INFO  o.e.m.c.i.embedder.EclipseLogger - Using 'UTF-8' encoding to copy filtered resources.
2021-12-01 15:09:10,510 [Worker-3: Building] INFO  o.e.m.c.i.embedder.EclipseLogger - skip non existing resourceDirectory D:\Traning\eclipse\HelloMaven\src\test\resources
2021-12-01 15:14:43,764 [main] INFO  o.e.m2e.actions.ExecutePomAction - Creating new launch configuration
2021-12-01 15:17:43,690 [Worker-15: Launching Executing clean in D__Traning_eclipse_HelloMaven] INFO  o.e.m.i.launch.MavenLaunchDelegate - D:\Traning\eclipse\HelloMaven
2021-12-01 15:17:43,695 [Worker-15: Launching Executing clean in D__Traning_eclipse_HelloMaven] INFO  o.e.m.i.launch.MavenLaunchDelegate -  mvn -B clean
2021-12-01 15:17:49,512 [Worker-10: Building] INFO  o.e.m.c.i.embedder.EclipseLogger - Using 'UTF-8' encoding to copy filtered resources.
2021-12-01 15:17:49,512 [Worker-10: Building] INFO  o.e.m.c.i.embedder.EclipseLogger - skip non existing resourceDirectory D:\Traning\eclipse\HelloMaven\src\main\resources
2021-12-01 15:17:49,516 [Worker-10: Building] INFO  o.e.m.c.i.embedder.EclipseLogger - Using 'UTF-8' encoding to copy filtered resources.
2021-12-01 15:17:49,517 [Worker-10: Building] INFO  o.e.m.c.i.embedder.EclipseLogger - skip non existing resourceDirectory D:\Traning\eclipse\HelloMaven\src\test\resources
2021-12-01 15:18:00,090 [main] INFO  o.e.m2e.actions.ExecutePomAction - Using existing launch configuration
2021-12-01 15:18:10,311 [Worker-25: Launching HelloMaven] INFO  o.e.m.i.launch.MavenLaunchDelegate - D:\Traning\eclipse\HelloMaven
2021-12-01 15:18:10,311 [Worker-25: Launching HelloMaven] INFO  o.e.m.i.launch.MavenLaunchDelegate -  mvn -B 
2021-12-01 15:18:55,587 [Worker-3: Building] INFO  o.e.m.c.i.embedder.EclipseLogger - Using 'UTF-8' encoding to copy filtered resources.
2021-12-01 15:18:55,587 [Worker-3: Building] INFO  o.e.m.c.i.embedder.EclipseLogger - skip non existing resourceDirectory D:\Traning\eclipse\HelloMaven\src\main\resources
2021-12-01 15:18:55,589 [Worker-3: Building] INFO  o.e.m.c.i.embedder.EclipseLogger - Using 'UTF-8' encoding to copy filtered resources.
2021-12-01 15:18:55,589 [Worker-3: Building] INFO  o.e.m.c.i.embedder.EclipseLogger - skip non existing resourceDirectory D:\Traning\eclipse\HelloMaven\src\test\resources
2021-12-01 15:19:02,988 [main] INFO  o.e.m2e.actions.ExecutePomAction - Using existing launch configuration
2021-12-01 15:19:20,172 [Worker-3: Launching HelloMaven] INFO  o.e.m.i.launch.MavenLaunchDelegate - D:\Traning\eclipse\HelloMaven
2021-12-01 15:19:20,172 [Worker-3: Launching HelloMaven] INFO  o.e.m.i.launch.MavenLaunchDelegate -  mvn -B clean verify
2021-12-01 15:31:16,003 [Worker-28: Building] INFO  o.e.m.c.i.l.LifecycleMappingFactory - Using org.eclipse.m2e.jdt.JarLifecycleMapping lifecycle mapping for MavenProject: com.coforge.training:HelloMaven:0.0.1-SNAPSHOT @ D:\Traning\eclipse\HelloMaven\pom.xml.
2021-12-01 15:31:16,100 [Worker-28: Building] INFO  o.e.m.c.i.embedder.EclipseLogger - Using 'UTF-8' encoding to copy filtered resources.
2021-12-01 15:31:16,101 [Worker-28: Building] INFO  o.e.m.c.i.embedder.EclipseLogger - skip non existing resourceDirectory D:\Traning\eclipse\HelloMaven\src\main\resources
2021-12-01 15:31:16,102 [Worker-28: Building] INFO  o.e.m.c.i.embedder.EclipseLogger - Using 'UTF-8' encoding to copy filtered resources.
2021-12-01 15:31:16,102 [Worker-28: Building] INFO  o.e.m.c.i.embedder.EclipseLogger - skip non existing resourceDirectory D:\Traning\eclipse\HelloMaven\src\test\resources
2021-12-01 15:31:40,564 [Worker-3: Building] INFO  o.e.m.c.i.l.LifecycleMappingFactory - Using org.eclipse.m2e.jdt.JarLifecycleMapping lifecycle mapping for MavenProject: com.coforge.training:HelloMaven:0.0.1-SNAPSHOT @ D:\Traning\eclipse\HelloMaven\pom.xml.
2021-12-01 15:31:40,805 [Worker-3: Building] INFO  o.e.m.c.i.embedder.EclipseLogger - Using 'UTF-8' encoding to copy filtered resources.
2021-12-01 15:31:40,806 [Worker-3: Building] INFO  o.e.m.c.i.embedder.EclipseLogger - skip non existing resourceDirectory D:\Traning\eclipse\HelloMaven\src\main\resources
2021-12-01 15:31:40,807 [Worker-3: Building] INFO  o.e.m.c.i.embedder.EclipseLogger - Using 'UTF-8' encoding to copy filtered resources.
2021-12-01 15:31:40,807 [Worker-3: Building] INFO  o.e.m.c.i.embedder.EclipseLogger - skip non existing resourceDirectory D:\Traning\eclipse\HelloMaven\src\test\resources
2021-12-01 15:32:11,202 [main] INFO  o.e.m2e.actions.ExecutePomAction - Using existing launch configuration
2021-12-01 15:32:11,264 [Worker-3: Launching HelloMaven] INFO  o.e.m.i.launch.MavenLaunchDelegate - D:\Traning\eclipse\HelloMaven
2021-12-01 15:32:11,264 [Worker-3: Launching HelloMaven] INFO  o.e.m.i.launch.MavenLaunchDelegate -  mvn -B clean verify
2021-12-01 15:32:28,021 [Worker-25: Building] INFO  o.e.m.c.i.l.LifecycleMappingFactory - Using org.eclipse.m2e.jdt.JarLifecycleMapping lifecycle mapping for MavenProject: com.coforge.training:HelloMaven:0.0.1-SNAPSHOT @ D:\Traning\eclipse\HelloMaven\pom.xml.
2021-12-01 15:32:28,106 [Worker-25: Building] INFO  o.e.m.c.i.embedder.EclipseLogger - Using 'UTF-8' encoding to copy filtered resources.
2021-12-01 15:32:28,106 [Worker-25: Building] INFO  o.e.m.c.i.embedder.EclipseLogger - skip non existing resourceDirectory D:\Traning\eclipse\HelloMaven\src\main\resources
2021-12-01 15:32:28,107 [Worker-25: Building] INFO  o.e.m.c.i.embedder.EclipseLogger - Using 'UTF-8' encoding to copy filtered resources.
2021-12-01 15:32:28,108 [Worker-25: Building] INFO  o.e.m.c.i.embedder.EclipseLogger - skip non existing resourceDirectory D:\Traning\eclipse\HelloMaven\src\test\resources
2021-12-01 15:33:11,561 [Worker-3: Building] INFO  o.e.m.c.i.l.LifecycleMappingFactory - Using org.eclipse.m2e.jdt.JarLifecycleMapping lifecycle mapping for MavenProject: com.coforge.training:HelloMaven:0.0.1-SNAPSHOT @ D:\Traning\eclipse\HelloMaven\pom.xml.
2021-12-01 15:33:11,765 [Worker-3: Building] INFO  o.e.m.c.i.embedder.EclipseLogger - Using 'UTF-8' encoding to copy filtered resources.
2021-12-01 15:33:11,765 [Worker-3: Building] INFO  o.e.m.c.i.embedder.EclipseLogger - skip non existing resourceDirectory D:\Traning\eclipse\HelloMaven\src\main\resources
2021-12-01 15:33:11,767 [Worker-3: Building] INFO  o.e.m.c.i.embedder.EclipseLogger - Using 'UTF-8' encoding to copy filtered resources.
2021-12-01 15:33:11,767 [Worker-3: Building] INFO  o.e.m.c.i.embedder.EclipseLogger - skip non existing resourceDirectory D:\Traning\eclipse\HelloMaven\src\test\resources
2021-12-01 15:33:20,443 [main] INFO  o.e.m2e.actions.ExecutePomAction - Using existing launch configuration
2021-12-01 15:33:20,542 [Worker-28: Launching HelloMaven] INFO  o.e.m.i.launch.MavenLaunchDelegate - D:\Traning\eclipse\HelloMaven
2021-12-01 15:33:20,543 [Worker-28: Launching HelloMaven] INFO  o.e.m.i.launch.MavenLaunchDelegate -  mvn -B clean verify
2021-12-01 16:49:02,507 [main] INFO  o.e.m2e.actions.ExecutePomAction - Using existing launch configuration
2021-12-01 16:49:02,565 [Worker-33: Launching HelloMaven] INFO  o.e.m.i.launch.MavenLaunchDelegate - D:\Traning\eclipse\HelloMaven
2021-12-01 16:49:02,565 [Worker-33: Launching HelloMaven] INFO  o.e.m.i.launch.MavenLaunchDelegate -  mvn -B clean verify
2021-12-01 16:49:21,214 [main] INFO  o.e.m2e.actions.ExecutePomAction - Creating new launch configuration
2021-12-01 16:49:31,648 [Worker-37: Launching HelloMaven (1)] INFO  o.e.m.i.launch.MavenLaunchDelegate - D:\Traning\eclipse\HelloMaven
2021-12-01 16:49:31,648 [Worker-37: Launching HelloMaven (1)] INFO  o.e.m.i.launch.MavenLaunchDelegate -  mvn -B clean verify
2021-12-01 19:52:05,922 [Worker-0: Loading available Gradle versions] INFO  o.e.b.c.i.u.g.PublishedGradleVersions - Gradle version information cache is out-of-date. Trying to update.
